33:C 07 Oct 2020 15:36:45.735 # oO0OoO0OoO0Oo Redis is starting oO0OoO0OoO0Oo
33:C 07 Oct 2020 15:36:45.736 # Redis version=6.0.6, bits=64, commit=00000000, modified=0, pid=33, just started
33:C 07 Oct 2020 15:36:45.736 # Configuration loaded
                _._                                                  
           _.-``__ ''-._                                             
      _.-``    `.  `_.  ''-._           Redis 6.0.6 (00000000/0) 64 bit
  .-`` .-```.  ```\/    _.,_ ''-._                                   
 (    '      ,       .-`  | `,    )     Running in standalone mode
 |`-._`-...-` __...-.``-._|'` _.-'|     Port: 6379
 |    `-._   `._    /     _.-'    |     PID: 33
  `-._    `-._  `-./  _.-'    _.-'                                   
 |`-._`-._    `-.__.-'    _.-'_.-'|                                  
 |    `-._`-._        _.-'_.-'    |           http://redis.io        
  `-._    `-._`-.__.-'_.-'    _.-'                                   
 |`-._`-._    `-.__.-'    _.-'_.-'|                                  
 |    `-._`-._        _.-'_.-'    |                                  
  `-._    `-._`-.__.-'_.-'    _.-'                                   
      `-._    `-.__.-'    _.-'                                       
          `-._        _.-'                                           
              `-.__.-'                                               

33:M 07 Oct 2020 15:36:45.747 # Server initialized
33:M 07 Oct 2020 15:36:45.747 # WARNING overcommit_memory is set to 0! Background save may fail under low memory condition. To fix this issue add 'vm.overcommit_memory = 1' to /etc/sysctl.conf and then reboot or run the command 'sysctl vm.overcommit_memory=1' for this to take effect.
33:M 07 Oct 2020 15:36:45.747 # WARNING you have Transparent Huge Pages (THP) support enabled in your kernel. This will create latency and memory usage issues with Redis. To fix this issue run the command 'echo never > /sys/kernel/mm/transparent_hugepage/enabled' as root, and add it to your /etc/rc.local in order to retain the setting after a reboot. Redis must be restarted after THP is disabled.
33:M 07 Oct 2020 15:36:45.748 * Loading RDB produced by version 6.0.6
33:M 07 Oct 2020 15:36:45.748 * RDB age 177536 seconds
33:M 07 Oct 2020 15:36:45.748 * RDB memory usage when created 1.96 Mb
33:M 07 Oct 2020 15:36:45.749 * DB loaded from disk: 0.002 seconds
33:M 07 Oct 2020 15:36:45.749 * Ready to accept connections
33:M 07 Oct 2020 15:37:41.902 * Replica 127.0.0.1:46106 asks for synchronization
33:M 07 Oct 2020 15:37:41.902 * Partial resynchronization not accepted: Replication ID mismatch (Replica asked for '82e12129345eda98a9fc55cadbe862edfe1631e9', my replication IDs are 'f294bd83ef57fa260952077cac67c6e4fbfe6dbe' and '0000000000000000000000000000000000000000')
33:M 07 Oct 2020 15:37:41.902 * Replication backlog created, my new replication IDs are '2929b27d6e3fb57c5779d0f999bbf23b21e1bc33' and '0000000000000000000000000000000000000000'
33:M 07 Oct 2020 15:37:41.902 * Starting BGSAVE for SYNC with target: disk
33:M 07 Oct 2020 15:37:41.902 * Background saving started by pid 1578
1578:C 07 Oct 2020 15:37:42.425 * DB saved on disk
1578:C 07 Oct 2020 15:37:42.425 * RDB: 0 MB of memory used by copy-on-write
33:M 07 Oct 2020 15:37:42.501 * Background saving terminated with success
33:M 07 Oct 2020 15:37:42.502 * Synchronization with replica 127.0.0.1:46106 succeeded
